<?xml version="1.0" encoding="UTF-8"?>
<!-- Generated by org.testng.reporters.JUnitReportReporter -->
<testsuite hostname="DESKTOP-Q0M0HC2" failures="0" tests="1" name="com.selenium.sample.NewTest1" time="6.543" errors="0" timestamp="2022-05-18T12:46:13 IST" skipped="0">
  <testcase classname="com.selenium.sample.NewTest1" name="f" time="6.543"/>
  <system-out/>
</testsuite> <!-- com.selenium.sample.NewTest1 -->
