<?xml version="1.0" encoding="UTF-8"?>
<!-- Generated by org.testng.reporters.JUnitReportReporter -->
<testsuite hostname="DESKTOP-Q0M0HC2" failures="0" tests="1" name="com.selenium.sample.NewTest2" time="4.126" errors="0" timestamp="2022-05-17T19:43:15 IST" skipped="0">
  <testcase classname="com.selenium.sample.NewTest2" name="f" time="4.126"/>
  <system-out/>
</testsuite> <!-- com.selenium.sample.NewTest2 -->
